#
# There is insufficient memory for the Java Runtime Environment to continue.
# Native memory allocation (mmap) failed to map 257949696 bytes for G1 virtual space
# Possible reasons:
#   The system is out of physical RAM or swap space
#   The process is running with CompressedOops enabled, and the Java Heap may be blocking the growth of the native heap
# Possible solutions:
#   Reduce memory load on the system
#   Increase physical memory or swap space
#   Check if swap backing store is full
#   Decrease Java heap size (-Xmx/-Xms)
#   Decrease number of Java threads
#   Decrease Java thread stack sizes (-Xss)
#   Set larger code cache with -XX:ReservedCodeCacheSize=
#   JVM is running with Zero Based Compressed Oops mode in which the Java heap is
#     placed in the first 32GB address space. The Java Heap base address is the
#     maximum limit for the native heap growth. Please use -XX:HeapBaseMinAddress
#     to set the Java Heap base and to place the Java Heap above 32GB virtual address.
# This output file may be truncated or incomplete.
#
#  Out of Memory Error (os_windows.cpp:3613), pid=45868, tid=33428
#
# JRE version:  (17.0.10+7) (build )
# Java VM: OpenJDK 64-Bit Server VM (17.0.10+7, mixed mode, sharing, tiered, compressed oops, compressed class ptrs, g1 gc, windows-amd64)
# No core dump will be written. Minidumps are not enabled by default on client versions of Windows
#

---------------  S U M M A R Y ------------

Command Line: -Dfile.encoding=UTF-8 -Dstdout.encoding=UTF-8 -Dstderr.encoding=UTF-8 -XX:+ShowCodeDetailsInExceptionMessages bank.management.system.Login

Host: AMD Ryzen 7 7840HS w/ Radeon 780M Graphics     , 16 cores, 15G,  Windows 11 , 64 bit Build 22621 (10.0.22621.3374)
Time: Wed May  1 01:34:09 2024 Eastern Daylight Time elapsed time: 0.016097 seconds (0d 0h 0m 0s)

---------------  T H R E A D  ---------------

Current thread (0x000002474ea68d30):  JavaThread "Unknown thread" [_thread_in_vm, id=33428, stack(0x000000fee2900000,0x000000fee2a00000)]

Stack: [0x000000fee2900000,0x000000fee2a00000]
Native frames: (J=compiled Java code, j=interpreted, Vv=VM code, C=native code)
V  [jvm.dll+0x67d2c9]
V  [jvm.dll+0x834afa]
V  [jvm.dll+0x8365be]
V  [jvm.dll+0x836c23]
V  [jvm.dll+0x2477ff]
V  [jvm.dll+0x67a109]
V  [jvm.dll+0x66eb7a]
V  [jvm.dll+0x30764b]
V  [jvm.dll+0x30eaf6]
V  [jvm.dll+0x35e83e]
V  [jvm.dll+0x35ea6f]
V  [jvm.dll+0x2de248]
V  [jvm.dll+0x2df1b4]
V  [jvm.dll+0x806361]
V  [jvm.dll+0x36c6f1]
V  [jvm.dll+0x7e4e06]
V  [jvm.dll+0x3eff3f]
V  [jvm.dll+0x3f1b71]
C  [jli.dll+0x528f]
C  [ucrtbase.dll+0x29333]
C  [KERNEL32.DLL+0x1257d]
C  [ntdll.dll+0x5aa48]


---------------  P R O C E S S  ---------------

Threads class SMR info:
_java_thread_list=0x00007ffc14f0ee98, length=0, elements={
}

Java Threads: ( => current thread )

Other Threads:
  0x000002474ead7420 GCTaskThread "GC Thread#0" [stack: 0x000000fee2a00000,0x000000fee2b00000] [id=46224]
  0x000002474eae8010 ConcurrentGCThread "G1 Main Marker" [stack: 0x000000fee2b00000,0x000000fee2c00000] [id=15524]
  0x000002474eae8a30 ConcurrentGCThread "G1 Conc#0" [stack: 0x000000fee2c00000,0x000000fee2d00000] [id=49400]

[error occurred during error reporting (printing all threads), id 0xc0000005, EXCEPTION_ACCESS_VIOLATION (0xc0000005) at pc=0x00007ffc146cec87]

VM state: not at safepoint (not fully initialized)

VM Mutex/Monitor currently owned by a thread:  ([mutex/lock_event])
[0x000002474ea64230] Heap_lock - owner thread: 0x000002474ea68d30

Heap address: 0x000000070b000000, size: 3920 MB, Compressed Oops mode: Zero based, Oop shift amount: 3

CDS archive(s) mapped at: [0x0000000000000000-0x0000000000000000-0x0000000000000000), size 0, SharedBaseAddress: 0x0000000800000000, ArchiveRelocationMode: 1.
Narrow klass base: 0x0000000000000000, Narrow klass shift: 0, Narrow klass range: 0x0

GC Precious Log:
<Empty>

Heap:
 garbage-first heap   total 0K, used 0K [0x000000070b000000, 0x0000000800000000)
  region size 2048K, 0 young (0K), 0 survivors (0K)

[error occurred during error reporting (printing heap information), id 0xc0000005, EXCEPTION_ACCESS_VIOLATION (0xc0000005) at pc=0x00007ffc14ab6fb9]

GC Heap History (0 events):
No events

Dll operation events (1 events):
Event: 0.009 Loaded shared library C:\Users\shiva\.p2\pool\plugins\org.eclipse.justj.openjdk.hotspot.jre.full.win32.x86_64_17.0.10.v20240120-1143\jre\bin\java.dll

Deoptimization events (0 events):
No events

Classes unloaded (0 events):
No events

Classes redefined (0 events):
No events

Internal exceptions (0 events):
No events

VM Operations (0 events):
No events

Events (0 events):
No events


Dynamic libraries:
0x00007ff6080a0000 - 0x00007ff6080ae000 	C:\Users\shiva\.p2\pool\plugins\org.eclipse.justj.openjdk.hotspot.jre.full.win32.x86_64_17.0.10.v20240120-1143\jre\bin\javaw.exe
0x00007ffc8f0d0000 - 0x00007ffc8f2e6000 	C:\Windows\SYSTEM32\ntdll.dll
0x00007ffc8e0c0000 - 0x00007ffc8e184000 	C:\Windows\System32\KERNEL32.DLL
0x00007ffc8c9d0000 - 0x00007ffc8cd77000 	C:\Windows\System32\KERNELBASE.dll
0x00007ffc8c5c0000 - 0x00007ffc8c6d1000 	C:\Windows\System32\ucrtbase.dll
0x00007ffc71b50000 - 0x00007ffc71b67000 	C:\Users\shiva\.p2\pool\plugins\org.eclipse.justj.openjdk.hotspot.jre.full.win32.x86_64_17.0.10.v20240120-1143\jre\bin\jli.dll
0x00007ffc6ffd0000 - 0x00007ffc6ffeb000 	C:\Users\shiva\.p2\pool\plugins\org.eclipse.justj.openjdk.hotspot.jre.full.win32.x86_64_17.0.10.v20240120-1143\jre\bin\VCRUNTIME140.dll
0x00007ffc8df10000 - 0x00007ffc8e0be000 	C:\Windows\System32\USER32.dll
0x00007ffc8c6e0000 - 0x00007ffc8c706000 	C:\Windows\System32\win32u.dll
0x00007ffc81cf0000 - 0x00007ffc81f83000 	C:\Windows\WinSxS\amd64_microsoft.windows.common-controls_6595b64144ccf1df_6.0.22621.3235_none_270f74e173860f98\COMCTL32.dll
0x00007ffc8e190000 - 0x00007ffc8e1b9000 	C:\Windows\System32\GDI32.dll
0x00007ffc8dae0000 - 0x00007ffc8db87000 	C:\Windows\System32\msvcrt.dll
0x00007ffc8c8b0000 - 0x00007ffc8c9c9000 	C:\Windows\System32\gdi32full.dll
0x00007ffc8c3f0000 - 0x00007ffc8c48a000 	C:\Windows\System32\msvcp_win.dll
0x00007ffc8ec90000 - 0x00007ffc8ecc1000 	C:\Windows\System32\IMM32.DLL
0x00007ffc80b50000 - 0x00007ffc80b5c000 	C:\Users\shiva\.p2\pool\plugins\org.eclipse.justj.openjdk.hotspot.jre.full.win32.x86_64_17.0.10.v20240120-1143\jre\bin\vcruntime140_1.dll
0x00007ffc499c0000 - 0x00007ffc49a4d000 	C:\Users\shiva\.p2\pool\plugins\org.eclipse.justj.openjdk.hotspot.jre.full.win32.x86_64_17.0.10.v20240120-1143\jre\bin\msvcp140.dll
0x00007ffc143e0000 - 0x00007ffc15042000 	C:\Users\shiva\.p2\pool\plugins\org.eclipse.justj.openjdk.hotspot.jre.full.win32.x86_64_17.0.10.v20240120-1143\jre\bin\server\jvm.dll
0x00007ffc8ef60000 - 0x00007ffc8f012000 	C:\Windows\System32\ADVAPI32.dll
0x00007ffc8de50000 - 0x00007ffc8def8000 	C:\Windows\System32\sechost.dll
0x00007ffc8c710000 - 0x00007ffc8c738000 	C:\Windows\System32\bcrypt.dll
0x00007ffc8ed40000 - 0x00007ffc8ee55000 	C:\Windows\System32\RPCRT4.dll
0x00007ffc8b490000 - 0x00007ffc8b4dd000 	C:\Windows\SYSTEM32\POWRPROF.dll
0x00007ffc873f0000 - 0x00007ffc873f9000 	C:\Windows\SYSTEM32\WSOCK32.dll
0x00007ffc82600000 - 0x00007ffc82634000 	C:\Windows\SYSTEM32\WINMM.dll
0x00007ffc82470000 - 0x00007ffc8247a000 	C:\Windows\SYSTEM32\VERSION.dll
0x00007ffc8cfd0000 - 0x00007ffc8d041000 	C:\Windows\System32\WS2_32.dll
0x00007ffc8b410000 - 0x00007ffc8b423000 	C:\Windows\SYSTEM32\UMPDC.dll
0x00007ffc8b4e0000 - 0x00007ffc8b4f8000 	C:\Windows\SYSTEM32\kernel.appcore.dll
0x00007ffc832a0000 - 0x00007ffc832aa000 	C:\Users\shiva\.p2\pool\plugins\org.eclipse.justj.openjdk.hotspot.jre.full.win32.x86_64_17.0.10.v20240120-1143\jre\bin\jimage.dll
0x00007ffc89c70000 - 0x00007ffc89ea3000 	C:\Windows\SYSTEM32\DBGHELP.DLL
0x00007ffc8e800000 - 0x00007ffc8eb88000 	C:\Windows\System32\combase.dll
0x00007ffc8d060000 - 0x00007ffc8d137000 	C:\Windows\System32\OLEAUT32.dll
0x00007ffc793f0000 - 0x00007ffc79422000 	C:\Windows\SYSTEM32\dbgcore.DLL
0x00007ffc8cd80000 - 0x00007ffc8cdf9000 	C:\Windows\System32\bcryptPrimitives.dll
0x00007ffc81180000 - 0x00007ffc811a5000 	C:\Users\shiva\.p2\pool\plugins\org.eclipse.justj.openjdk.hotspot.jre.full.win32.x86_64_17.0.10.v20240120-1143\jre\bin\java.dll

dbghelp: loaded successfully - version: 4.0.5 - missing functions: none
symbol engine: initialized successfully - sym options: 0x614 - pdb path: .;C:\Users\shiva\.p2\pool\plugins\org.eclipse.justj.openjdk.hotspot.jre.full.win32.x86_64_17.0.10.v20240120-1143\jre\bin;C:\Windows\SYSTEM32;C:\Windows\WinSxS\amd64_microsoft.windows.common-controls_6595b64144ccf1df_6.0.22621.3235_none_270f74e173860f98;C:\Users\shiva\.p2\pool\plugins\org.eclipse.justj.openjdk.hotspot.jre.full.win32.x86_64_17.0.10.v20240120-1143\jre\bin\server

VM Arguments:
jvm_args: -Dfile.encoding=UTF-8 -Dstdout.encoding=UTF-8 -Dstderr.encoding=UTF-8 -XX:+ShowCodeDetailsInExceptionMessages 
java_command: bank.management.system.Login
java_class_path (initial): C:\Users\shiva\eclipse-workspace\BankManagementSystem\bin
Launcher Type: SUN_STANDARD

[Global flags]
     intx CICompilerCount                          = 12                                        {product} {ergonomic}
     uint ConcGCThreads                            = 3                                         {product} {ergonomic}
     uint G1ConcRefinementThreads                  = 13                                        {product} {ergonomic}
   size_t G1HeapRegionSize                         = 2097152                                   {product} {ergonomic}
    uintx GCDrainStackTargetSize                   = 64                                        {product} {ergonomic}
   size_t InitialHeapSize                          = 257949696                                 {product} {ergonomic}
   size_t MarkStackSize                            = 4194304                                   {product} {ergonomic}
   size_t MaxHeapSize                              = 4110417920                                {product} {ergonomic}
   size_t MinHeapDeltaBytes                        = 2097152                                   {product} {ergonomic}
   size_t MinHeapSize                              = 8388608                                   {product} {ergonomic}
    uintx NonNMethodCodeHeapSize                   = 7602480                                {pd product} {ergonomic}
    uintx NonProfiledCodeHeapSize                  = 122027880                              {pd product} {ergonomic}
    uintx ProfiledCodeHeapSize                     = 122027880                              {pd product} {ergonomic}
    uintx ReservedCodeCacheSize                    = 251658240                              {pd product} {ergonomic}
     bool SegmentedCodeCache                       = true                                      {product} {ergonomic}
     bool ShowCodeDetailsInExceptionMessages       = true                                   {manageable} {command line}
   size_t SoftMaxHeapSize                          = 4110417920                             {manageable} {ergonomic}
     bool UseCompressedClassPointers               = true                           {product lp64_product} {ergonomic}
     bool UseCompressedOops                        = true                           {product lp64_product} {ergonomic}
     bool UseG1GC                                  = true                                      {product} {ergonomic}
     bool UseLargePagesIndividualAllocation        = false                                  {pd product} {ergonomic}

Logging:
Log output configuration:
 #0: stdout all=warning uptime,level,tags
 #1: stderr all=off uptime,level,tags

Environment Variables:
PATH=C:/Users/shiva/.p2/pool/plugins/org.eclipse.justj.openjdk.hotspot.jre.full.win32.x86_64_17.0.10.v20240120-1143/jre/bin/server;C:/Users/shiva/.p2/pool/plugins/org.eclipse.justj.openjdk.hotspot.jre.full.win32.x86_64_17.0.10.v20240120-1143/jre/bin;C:\Windows\system32;C:\Windows;C:\Windows\System32\Wbem;C:\Windows\System32\WindowsPowerShell\v1.0\;C:\Windows\System32\OpenSSH\;C:\Program Files\dotnet\;C:\Program Files (x86)\NVIDIA Corporation\PhysX\Common;C:\Program Files\NVIDIA Corporation\NVIDIA NvDLISR;C:\Program Files\Microsoft SQL Server\150\Tools\Binn\;C:\Program Files\Microsoft SQL Server\Client SDK\ODBC\170\Tools\Binn\;C:\Program Files (x86)\Windows Kits\10\Windows Performance Toolkit\;C:\Users\shiva\AppData\Local\Microsoft\WindowsApps;C:\Users\shiva\.dotnet\tools;C:\Windows\System32;
USERNAME=shiva
OS=Windows_NT
PROCESSOR_IDENTIFIER=AMD64 Family 25 Model 116 Stepping 1, AuthenticAMD
TMP=C:\Users\shiva\AppData\Local\Temp
TEMP=C:\Users\shiva\AppData\Local\Temp



Periodic native trim disabled


---------------  S Y S T E M  ---------------

OS:
 Windows 11 , 64 bit Build 22621 (10.0.22621.3374)
OS uptime: 13 days 0:41 hours
Hyper-V role detected

CPU: total 16 (initial active 16) (16 cores per cpu, 2 threads per core) family 25 model 116 stepping 1 microcode 0x0, cx8, cmov, fxsr, ht, mmx, 3dnowpref, sse, sse2, sse3, ssse3, sse4a, sse4.1, sse4.2, popcnt, lzcnt, tsc, tscinvbit, avx, avx2, aes, erms, clmul, bmi1, bmi2, adx, avx512f, avx512dq, avx512cd, avx512bw, avx512vl, sha, fma, vzeroupper, avx512_vpopcntdq, avx512_vpclmulqdq, avx512_vaes, avx512_vnni, clflush, clflushopt, avx512_vbmi2, avx512_vbmi, hv
Processor Information for processor 0
  Max Mhz: 3801, Current Mhz: 2516, Mhz Limit: 3801
Processor Information for processor 1
  Max Mhz: 3801, Current Mhz: 3801, Mhz Limit: 3801
Processor Information for processor 2
  Max Mhz: 3801, Current Mhz: 2516, Mhz Limit: 3801
Processor Information for processor 3
  Max Mhz: 3801, Current Mhz: 3801, Mhz Limit: 3801
Processor Information for processor 4
  Max Mhz: 3801, Current Mhz: 3801, Mhz Limit: 3801
Processor Information for processor 5
  Max Mhz: 3801, Current Mhz: 2516, Mhz Limit: 3801
Processor Information for processor 6
  Max Mhz: 3801, Current Mhz: 2516, Mhz Limit: 3801
Processor Information for processor 7
  Max Mhz: 3801, Current Mhz: 3801, Mhz Limit: 3801
Processor Information for processor 8
  Max Mhz: 3801, Current Mhz: 2516, Mhz Limit: 3801
Processor Information for processor 9
  Max Mhz: 3801, Current Mhz: 2516, Mhz Limit: 3801
Processor Information for processor 10
  Max Mhz: 3801, Current Mhz: 2516, Mhz Limit: 3801
Processor Information for processor 11
  Max Mhz: 3801, Current Mhz: 2516, Mhz Limit: 3801
Processor Information for processor 12
  Max Mhz: 3801, Current Mhz: 2516, Mhz Limit: 3801
Processor Information for processor 13
  Max Mhz: 3801, Current Mhz: 2516, Mhz Limit: 3801
Processor Information for processor 14
  Max Mhz: 3801, Current Mhz: 2516, Mhz Limit: 3801
Processor Information for processor 15
  Max Mhz: 3801, Current Mhz: 2516, Mhz Limit: 3801

Memory: 4k page, system-wide physical 15676M (335M free)
TotalPageFile size 62780M (AvailPageFile size 42M)
current process WorkingSet (physical memory assigned to process): 11M, peak: 11M
current process commit charge ("private bytes"): 70M, peak: 316M

vm_info: OpenJDK 64-Bit Server VM (17.0.10+7) for windows-amd64 JRE (17.0.10+7), built on Jan 16 2024 23:25:11 by "admin" with MS VC++ 16.10 / 16.11 (VS2019)

END.
