#
# There is insufficient memory for the Java Runtime Environment to continue.
# Native memory allocation (mmap) failed to map 257949696 bytes for G1 virtual space
# Possible reasons:
#   The system is out of physical RAM or swap space
#   The process is running with CompressedOops enabled, and the Java Heap may be blocking the growth of the native heap
# Possible solutions:
#   Reduce memory load on the system
#   Increase physical memory or swap space
#   Check if swap backing store is full
#   Decrease Java heap size (-Xmx/-Xms)
#   Decrease number of Java threads
#   Decrease Java thread stack sizes (-Xss)
#   Set larger code cache with -XX:ReservedCodeCacheSize=
#   JVM is running with Zero Based Compressed Oops mode in which the Java heap is
#     placed in the first 32GB address space. The Java Heap base address is the
#     maximum limit for the native heap growth. Please use -XX:HeapBaseMinAddress
#     to set the Java Heap base and to place the Java Heap above 32GB virtual address.
# This output file may be truncated or incomplete.
#
#  Out of Memory Error (os_windows.cpp:3613), pid=51400, tid=51520
#
# JRE version:  (17.0.10+7) (build )
# Java VM: OpenJDK 64-Bit Server VM (17.0.10+7, mixed mode, sharing, tiered, compressed oops, compressed class ptrs, g1 gc, windows-amd64)
# No core dump will be written. Minidumps are not enabled by default on client versions of Windows
#

---------------  S U M M A R Y ------------

Command Line: -Dfile.encoding=UTF-8 -Dstdout.encoding=UTF-8 -Dstderr.encoding=UTF-8 -XX:+ShowCodeDetailsInExceptionMessages bank.management.system.SignUpOne

Host: AMD Ryzen 7 7840HS w/ Radeon 780M Graphics     , 16 cores, 15G,  Windows 11 , 64 bit Build 22621 (10.0.22621.3374)
Time: Mon May  6 18:54:24 2024 Eastern Daylight Time elapsed time: 0.011470 seconds (0d 0h 0m 0s)

---------------  T H R E A D  ---------------

Current thread (0x00000265bab29dd0):  JavaThread "Unknown thread" [_thread_in_vm, id=51520, stack(0x000000eb39b00000,0x000000eb39c00000)]

Stack: [0x000000eb39b00000,0x000000eb39c00000]
Native frames: (J=compiled Java code, j=interpreted, Vv=VM code, C=native code)
V  [jvm.dll+0x67d2c9]
V  [jvm.dll+0x834afa]
V  [jvm.dll+0x8365be]
V  [jvm.dll+0x836c23]
V  [jvm.dll+0x2477ff]
V  [jvm.dll+0x67a109]
V  [jvm.dll+0x66eb7a]
V  [jvm.dll+0x30764b]
V  [jvm.dll+0x30eaf6]
V  [jvm.dll+0x35e83e]
V  [jvm.dll+0x35ea6f]
V  [jvm.dll+0x2de248]
V  [jvm.dll+0x2df1b4]
V  [jvm.dll+0x806361]
V  [jvm.dll+0x36c6f1]
V  [jvm.dll+0x7e4e06]
V  [jvm.dll+0x3eff3f]
V  [jvm.dll+0x3f1b71]
C  [jli.dll+0x528f]
C  [ucrtbase.dll+0x29333]
C  [KERNEL32.DLL+0x1257d]
C  [ntdll.dll+0x5aa48]


---------------  P R O C E S S  ---------------

Threads class SMR info:
_java_thread_list=0x00007ffc99e7ee98, length=0, elements={
}

Java Threads: ( => current thread )

Other Threads:
  0x00000265bab95db0 GCTaskThread "GC Thread#0" [stack: 0x000000eb39c00000,0x000000eb39d00000] [id=51516]
  0x00000265baba68b0 ConcurrentGCThread "G1 Main Marker" [stack: 0x000000eb39d00000,0x000000eb39e00000] [id=51448]
  0x00000265baba71e0 ConcurrentGCThread "G1 Conc#0" [stack: 0x000000eb39e00000,0x000000eb39f00000] [id=51492]

[error occurred during error reporting (printing all threads), id 0xc0000005, EXCEPTION_ACCESS_VIOLATION (0xc0000005) at pc=0x00007ffc9963ec87]

VM state: not at safepoint (not fully initialized)

VM Mutex/Monitor currently owned by a thread:  ([mutex/lock_event])
[0x00000265bab24460] Heap_lock - owner thread: 0x00000265bab29dd0

Heap address: 0x000000070b000000, size: 3920 MB, Compressed Oops mode: Zero based, Oop shift amount: 3

CDS archive(s) mapped at: [0x0000000000000000-0x0000000000000000-0x0000000000000000), size 0, SharedBaseAddress: 0x0000000800000000, ArchiveRelocationMode: 1.
Narrow klass base: 0x0000000000000000, Narrow klass shift: 0, Narrow klass range: 0x0

GC Precious Log:
<Empty>

Heap:
 garbage-first heap   total 0K, used 0K [0x000000070b000000, 0x0000000800000000)
  region size 2048K, 0 young (0K), 0 survivors (0K)

[error occurred during error reporting (printing heap information), id 0xc0000005, EXCEPTION_ACCESS_VIOLATION (0xc0000005) at pc=0x00007ffc99a26fb9]

GC Heap History (0 events):
No events

Dll operation events (1 events):
Event: 0.004 Loaded shared library C:\Users\shiva\.p2\pool\plugins\org.eclipse.justj.openjdk.hotspot.jre.full.win32.x86_64_17.0.10.v20240120-1143\jre\bin\java.dll

Deoptimization events (0 events):
No events

Classes unloaded (0 events):
No events

Classes redefined (0 events):
No events

Internal exceptions (0 events):
No events

VM Operations (0 events):
No events

Events (0 events):
No events


Dynamic libraries:
0x00007ff767e10000 - 0x00007ff767e1e000 	C:\Users\shiva\.p2\pool\plugins\org.eclipse.justj.openjdk.hotspot.jre.full.win32.x86_64_17.0.10.v20240120-1143\jre\bin\javaw.exe
0x00007ffd22090000 - 0x00007ffd222a6000 	C:\Windows\SYSTEM32\ntdll.dll
0x00007ffd21290000 - 0x00007ffd21354000 	C:\Windows\System32\KERNEL32.DLL
0x00007ffd1f6c0000 - 0x00007ffd1fa67000 	C:\Windows\System32\KERNELBASE.dll
0x00007ffd1f5a0000 - 0x00007ffd1f6b1000 	C:\Windows\System32\ucrtbase.dll
0x00007ffd11750000 - 0x00007ffd11767000 	C:\Users\shiva\.p2\pool\plugins\org.eclipse.justj.openjdk.hotspot.jre.full.win32.x86_64_17.0.10.v20240120-1143\jre\bin\jli.dll
0x00007ffd0d780000 - 0x00007ffd0d79b000 	C:\Users\shiva\.p2\pool\plugins\org.eclipse.justj.openjdk.hotspot.jre.full.win32.x86_64_17.0.10.v20240120-1143\jre\bin\VCRUNTIME140.dll
0x00007ffd20af0000 - 0x00007ffd20c9e000 	C:\Windows\System32\USER32.dll
0x00007ffd1fa70000 - 0x00007ffd1fa96000 	C:\Windows\System32\win32u.dll
0x00007ffd1e8e0000 - 0x00007ffd1eb73000 	C:\Windows\WinSxS\amd64_microsoft.windows.common-controls_6595b64144ccf1df_6.0.22621.3235_none_270f74e173860f98\COMCTL32.dll
0x00007ffd1fe50000 - 0x00007ffd1fef7000 	C:\Windows\System32\msvcrt.dll
0x00007ffd21f60000 - 0x00007ffd21f89000 	C:\Windows\System32\GDI32.dll
0x00007ffd1f480000 - 0x00007ffd1f599000 	C:\Windows\System32\gdi32full.dll
0x00007ffd1f3b0000 - 0x00007ffd1f44a000 	C:\Windows\System32\msvcp_win.dll
0x00007ffd20ca0000 - 0x00007ffd20cd1000 	C:\Windows\System32\IMM32.DLL
0x00007ffd12130000 - 0x00007ffd1213c000 	C:\Users\shiva\.p2\pool\plugins\org.eclipse.justj.openjdk.hotspot.jre.full.win32.x86_64_17.0.10.v20240120-1143\jre\bin\vcruntime140_1.dll
0x00007ffcde320000 - 0x00007ffcde3ad000 	C:\Users\shiva\.p2\pool\plugins\org.eclipse.justj.openjdk.hotspot.jre.full.win32.x86_64_17.0.10.v20240120-1143\jre\bin\msvcp140.dll
0x00007ffc99350000 - 0x00007ffc99fb2000 	C:\Users\shiva\.p2\pool\plugins\org.eclipse.justj.openjdk.hotspot.jre.full.win32.x86_64_17.0.10.v20240120-1143\jre\bin\server\jvm.dll
0x00007ffd21f90000 - 0x00007ffd22042000 	C:\Windows\System32\ADVAPI32.dll
0x00007ffd21360000 - 0x00007ffd21408000 	C:\Windows\System32\sechost.dll
0x00007ffd1f450000 - 0x00007ffd1f478000 	C:\Windows\System32\bcrypt.dll
0x00007ffd209d0000 - 0x00007ffd20ae5000 	C:\Windows\System32\RPCRT4.dll
0x00007ffd1ecd0000 - 0x00007ffd1ed1d000 	C:\Windows\SYSTEM32\POWRPROF.dll
0x00007ffd15570000 - 0x00007ffd155a4000 	C:\Windows\SYSTEM32\WINMM.dll
0x00007ffd15600000 - 0x00007ffd1560a000 	C:\Windows\SYSTEM32\VERSION.dll
0x00007ffd17780000 - 0x00007ffd17789000 	C:\Windows\SYSTEM32\WSOCK32.dll
0x00007ffd21440000 - 0x00007ffd214b1000 	C:\Windows\System32\WS2_32.dll
0x00007ffd1eb80000 - 0x00007ffd1eb93000 	C:\Windows\SYSTEM32\UMPDC.dll
0x00007ffd1db10000 - 0x00007ffd1db28000 	C:\Windows\SYSTEM32\kernel.appcore.dll
0x00007ffd17790000 - 0x00007ffd1779a000 	C:\Users\shiva\.p2\pool\plugins\org.eclipse.justj.openjdk.hotspot.jre.full.win32.x86_64_17.0.10.v20240120-1143\jre\bin\jimage.dll
0x00007ffd1ed20000 - 0x00007ffd1ef53000 	C:\Windows\SYSTEM32\DBGHELP.DLL
0x00007ffd214e0000 - 0x00007ffd21868000 	C:\Windows\System32\combase.dll
0x00007ffd21980000 - 0x00007ffd21a57000 	C:\Windows\System32\OLEAUT32.dll
0x00007ffd1ebc0000 - 0x00007ffd1ebf2000 	C:\Windows\SYSTEM32\dbgcore.DLL
0x00007ffd1fc10000 - 0x00007ffd1fc89000 	C:\Windows\System32\bcryptPrimitives.dll
0x00007ffd12230000 - 0x00007ffd12255000 	C:\Users\shiva\.p2\pool\plugins\org.eclipse.justj.openjdk.hotspot.jre.full.win32.x86_64_17.0.10.v20240120-1143\jre\bin\java.dll

dbghelp: loaded successfully - version: 4.0.5 - missing functions: none
symbol engine: initialized successfully - sym options: 0x614 - pdb path: .;C:\Users\shiva\.p2\pool\plugins\org.eclipse.justj.openjdk.hotspot.jre.full.win32.x86_64_17.0.10.v20240120-1143\jre\bin;C:\Windows\SYSTEM32;C:\Windows\WinSxS\amd64_microsoft.windows.common-controls_6595b64144ccf1df_6.0.22621.3235_none_270f74e173860f98;C:\Users\shiva\.p2\pool\plugins\org.eclipse.justj.openjdk.hotspot.jre.full.win32.x86_64_17.0.10.v20240120-1143\jre\bin\server

VM Arguments:
jvm_args: -Dfile.encoding=UTF-8 -Dstdout.encoding=UTF-8 -Dstderr.encoding=UTF-8 -XX:+ShowCodeDetailsInExceptionMessages 
java_command: bank.management.system.SignUpOne
java_class_path (initial): C:\Users\shiva\eclipse-workspace\BankManagementSystem\bin
Launcher Type: SUN_STANDARD

[Global flags]
     intx CICompilerCount                          = 12                                        {product} {ergonomic}
     uint ConcGCThreads                            = 3                                         {product} {ergonomic}
     uint G1ConcRefinementThreads                  = 13                                        {product} {ergonomic}
   size_t G1HeapRegionSize                         = 2097152                                   {product} {ergonomic}
    uintx GCDrainStackTargetSize                   = 64                                        {product} {ergonomic}
   size_t InitialHeapSize                          = 257949696                                 {product} {ergonomic}
   size_t MarkStackSize                            = 4194304                                   {product} {ergonomic}
   size_t MaxHeapSize                              = 4110417920                                {product} {ergonomic}
   size_t MinHeapDeltaBytes                        = 2097152                                   {product} {ergonomic}
   size_t MinHeapSize                              = 8388608                                   {product} {ergonomic}
    uintx NonNMethodCodeHeapSize                   = 7602480                                {pd product} {ergonomic}
    uintx NonProfiledCodeHeapSize                  = 122027880                              {pd product} {ergonomic}
    uintx ProfiledCodeHeapSize                     = 122027880                              {pd product} {ergonomic}
    uintx ReservedCodeCacheSize                    = 251658240                              {pd product} {ergonomic}
     bool SegmentedCodeCache                       = true                                      {product} {ergonomic}
     bool ShowCodeDetailsInExceptionMessages       = true                                   {manageable} {command line}
   size_t SoftMaxHeapSize                          = 4110417920                             {manageable} {ergonomic}
     bool UseCompressedClassPointers               = true                           {product lp64_product} {ergonomic}
     bool UseCompressedOops                        = true                           {product lp64_product} {ergonomic}
     bool UseG1GC                                  = true                                      {product} {ergonomic}
     bool UseLargePagesIndividualAllocation        = false                                  {pd product} {ergonomic}

Logging:
Log output configuration:
 #0: stdout all=warning uptime,level,tags
 #1: stderr all=off uptime,level,tags

Environment Variables:
PATH=C:/Users/shiva/.p2/pool/plugins/org.eclipse.justj.openjdk.hotspot.jre.full.win32.x86_64_17.0.10.v20240120-1143/jre/bin/server;C:/Users/shiva/.p2/pool/plugins/org.eclipse.justj.openjdk.hotspot.jre.full.win32.x86_64_17.0.10.v20240120-1143/jre/bin;C:\Windows\system32;C:\Windows;C:\Windows\System32\Wbem;C:\Windows\System32\WindowsPowerShell\v1.0\;C:\Windows\System32\OpenSSH\;C:\Program Files\dotnet\;C:\Program Files (x86)\NVIDIA Corporation\PhysX\Common;C:\Program Files\NVIDIA Corporation\NVIDIA NvDLISR;C:\Program Files\Microsoft SQL Server\150\Tools\Binn\;C:\Program Files\Microsoft SQL Server\Client SDK\ODBC\170\Tools\Binn\;C:\Program Files (x86)\Windows Kits\10\Windows Performance Toolkit\;C:\Users\shiva\AppData\Local\Microsoft\WindowsApps;C:\Users\shiva\.dotnet\tools;C:\Windows\System32;
USERNAME=shiva
OS=Windows_NT
PROCESSOR_IDENTIFIER=AMD64 Family 25 Model 116 Stepping 1, AuthenticAMD
TMP=C:\Users\shiva\AppData\Local\Temp
TEMP=C:\Users\shiva\AppData\Local\Temp



Periodic native trim disabled


---------------  S Y S T E M  ---------------

OS:
 Windows 11 , 64 bit Build 22621 (10.0.22621.3374)
OS uptime: 3 days 18:50 hours
Hyper-V role detected

CPU: total 16 (initial active 16) (16 cores per cpu, 2 threads per core) family 25 model 116 stepping 1 microcode 0x0, cx8, cmov, fxsr, ht, mmx, 3dnowpref, sse, sse2, sse3, ssse3, sse4a, sse4.1, sse4.2, popcnt, lzcnt, tsc, tscinvbit, avx, avx2, aes, erms, clmul, bmi1, bmi2, adx, avx512f, avx512dq, avx512cd, avx512bw, avx512vl, sha, fma, vzeroupper, avx512_vpopcntdq, avx512_vpclmulqdq, avx512_vaes, avx512_vnni, clflush, clflushopt, avx512_vbmi2, avx512_vbmi, hv
Processor Information for processor 0
  Max Mhz: 3801, Current Mhz: 3801, Mhz Limit: 3801
Processor Information for processor 1
  Max Mhz: 3801, Current Mhz: 3040, Mhz Limit: 3801
Processor Information for processor 2
  Max Mhz: 3801, Current Mhz: 3040, Mhz Limit: 3801
Processor Information for processor 3
  Max Mhz: 3801, Current Mhz: 3040, Mhz Limit: 3801
Processor Information for processor 4
  Max Mhz: 3801, Current Mhz: 3040, Mhz Limit: 3801
Processor Information for processor 5
  Max Mhz: 3801, Current Mhz: 3801, Mhz Limit: 3801
Processor Information for processor 6
  Max Mhz: 3801, Current Mhz: 3801, Mhz Limit: 3801
Processor Information for processor 7
  Max Mhz: 3801, Current Mhz: 3040, Mhz Limit: 3801
Processor Information for processor 8
  Max Mhz: 3801, Current Mhz: 3040, Mhz Limit: 3801
Processor Information for processor 9
  Max Mhz: 3801, Current Mhz: 3040, Mhz Limit: 3801
Processor Information for processor 10
  Max Mhz: 3801, Current Mhz: 3040, Mhz Limit: 3801
Processor Information for processor 11
  Max Mhz: 3801, Current Mhz: 3040, Mhz Limit: 3801
Processor Information for processor 12
  Max Mhz: 3801, Current Mhz: 3040, Mhz Limit: 3801
Processor Information for processor 13
  Max Mhz: 3801, Current Mhz: 3040, Mhz Limit: 3801
Processor Information for processor 14
  Max Mhz: 3801, Current Mhz: 3040, Mhz Limit: 3801
Processor Information for processor 15
  Max Mhz: 3801, Current Mhz: 3040, Mhz Limit: 3801

Memory: 4k page, system-wide physical 15676M (1317M free)
TotalPageFile size 62780M (AvailPageFile size 27M)
current process WorkingSet (physical memory assigned to process): 11M, peak: 11M
current process commit charge ("private bytes"): 70M, peak: 316M

vm_info: OpenJDK 64-Bit Server VM (17.0.10+7) for windows-amd64 JRE (17.0.10+7), built on Jan 16 2024 23:25:11 by "admin" with MS VC++ 16.10 / 16.11 (VS2019)

END.
